Arguments: 
  C:\Program Files\nodejs\node.exe C:\Program Files (x86)\Yarn\bin\yarn.js install rollup

PATH: 
  C:\Program Files (x86)\Python37-32\Scripts\;C:\Program Files (x86)\Python37-32\;C:\Program Files (x86)\Common Files\Intel\Shared Libraries\redist\intel64\compiler;C:\Program Files (x86)\Common Files\Oracle\Java\javapath;C:\Program Files (x86)\Intel\iCLS Client\;C:\Program Files\Intel\iCLS Client\;C:\WINDOWS\system32;C:\WINDOWS;C:\WINDOWS\System32\Wbem;C:\WINDOWS\System32\WindowsPowerShell\v1.0\;C:\Program Files (x86)\Intel\Intel(R) Management Engine Components\DAL;C:\Program Files\Intel\Intel(R) Management Engine Components\DAL;C:\Program Files (x86)\Intel\Intel(R) Management Engine Components\IPT;C:\Program Files\Intel\Intel(R) Management Engine Components\IPT;C:\Program Files\dotnet\;C:\WINDOWS\System32\OpenSSH\;C:\Users\tipputa\Anaconda3;C:\Program Files\Microsoft VS Code\bin;C:\Program Files\bin;C:\xampp\php;C:\Program Files (x86)\WinMerge;C:\Program Files\MEGA-X;C:\Program Files\Microsoft SQL Server\130\Tools\Binn\;C:\Program Files\Microsoft SQL Server\Client SDK\ODBC\170\Tools\Binn\;C:\Program Files\PostgreSQL\11\bin;C:\Program Files\nodejs\;C:\ProgramData\chocolatey\bin;C:\Program Files (x86)\Yarn\bin\;C:\Program Files\Intel\WiFi\bin\;C:\Program Files\Common Files\Intel\WirelessCommon\;C:\Users\tipputa\AppData\Local\Microsoft\WindowsApps;C:\Program Files\Microsoft VS Code\bin;C:\Users\tipputa\AppData\Local\atom\bin;C:\Users\tipputa\Anaconda3;C:\Users\tipputa\AppData\Local\Programs\Microsoft VS Code\bin;C:\Users\tipputa\AppData\Roaming\npm;C:\Users\tipputa\AppData\Local\Yarn\bin;C:\Users\tipputa\Anaconda3\Scripts;C:\Program Files\Java\jre1.8.0_181\bin;;%USERPROFILE%\AppData\Local\Microsoft\WindowsApps

Yarn version: 
  1.16.0

Node version: 
  12.3.1

Platform: 
  win32 x64

Trace: 
  SyntaxError: D:\0_VisualStudio\CCG-Browser\package.json: Unexpected token } in JSON at position 257
      at JSON.parse (<anonymous>)
      at C:\Program Files (x86)\Yarn\lib\cli.js:1625:59
      at Generator.next (<anonymous>)
      at step (C:\Program Files (x86)\Yarn\lib\cli.js:304:30)
      at C:\Program Files (x86)\Yarn\lib\cli.js:315:13

npm manifest: 
  {
    "name": "CCG-Browser",
    "version": "0.1.0",
    "main": "build/index.js",
    "license": "MIT",
    "scripts": {
      "dev": "rollup -m -c -w -f umd -o build/index.js -- src/index.js",
      "build": "rollup -m -c -f umd -o build/index.js -- src/index.js"
    },
  }

yarn manifest: 
  No manifest

Lockfile: 
  No lockfile
